
Showing logs for build [32mcb-kubecd-bdd-gh-1590734577-mas-qqxdw-3[0m stage [32mfrom-build-pack[0m and container [32mstep-credential-initializer-ltvr4[0m
{"level":"info","ts":1590739359.9410036,"logger":"fallback-logger","caller":"logging/config.go:69","msg":"Fetch GitHub commit ID from kodata failed: open /var/run/ko/refs/heads/0.8.0-ns-support: no such file or directory"}
{"level":"info","ts":1590739359.9415953,"logger":"fallback-logger","caller":"creds-init/main.go:40","msg":"Credentials initialized."}

Showing logs for build [32mcb-kubecd-bdd-gh-1590734577-mas-qqxdw-3[0m stage [32mfrom-build-pack[0m and container [32mstep-working-dir-initializer-sqr5f[0m
{"level":"info","ts":1590739361.2746296,"logger":"fallback-logger","caller":"logging/config.go:69","msg":"Fetch GitHub commit ID from kodata failed: open /var/run/ko/HEAD: no such file or directory"}
{"level":"info","ts":1590739361.275915,"logger":"fallback-logger","caller":"bash/main.go:64","msg":"Successfully executed command \"sh -c mkdir -p /workspace/source\"; output "}

Showing logs for build [32mcb-kubecd-bdd-gh-1590734577-mas-qqxdw-3[0m stage [32mfrom-build-pack[0m and container [32mstep-place-tools[0m

Showing logs for build [32mcb-kubecd-bdd-gh-1590734577-mas-qqxdw-3[0m stage [32mfrom-build-pack[0m and container [32mstep-git-source-cb-kubecd-bdd-gh-1590734577-mas-qqxdw-lnvxp[0m
{"level":"info","ts":1590739367.3575788,"logger":"fallback-logger","caller":"logging/config.go:69","msg":"Fetch GitHub commit ID from kodata failed: open /var/run/ko/refs/heads/0.8.0-ns-support: no such file or directory"}
{"level":"info","ts":1590739368.4209023,"logger":"fallback-logger","caller":"git/git.go:103","msg":"Successfully cloned https://github.com/cb-kubecd/bdd-gh-1590734577.git @ v0.0.3 in path /workspace/source"}

Showing logs for build [32mcb-kubecd-bdd-gh-1590734577-mas-qqxdw-3[0m stage [32mfrom-build-pack[0m and container [32mstep-git-merge[0m
Using SHAs from PULL_REFS=master:d0c5b29426b4990ff278ab56ff83a76377fc11a6
WARNING: no SHAs to merge, falling back to initial cloned commit

Showing logs for build [32mcb-kubecd-bdd-gh-1590734577-mas-qqxdw-3[0m stage [32mfrom-build-pack[0m and container [32mstep-setup-jx-git-credentials[0m
Generated Git credentials file /workspace/xdg_config/git/credentials

Showing logs for build [32mcb-kubecd-bdd-gh-1590734577-mas-qqxdw-3[0m stage [32mfrom-build-pack[0m and container [32mstep-build-make-build[0m
CGO_ENABLED=0 GO15VENDOREXPERIMENT=1 go build -ldflags '' -o bin/bdd-gh-1590734577 main.go

Showing logs for build [32mcb-kubecd-bdd-gh-1590734577-mas-qqxdw-3[0m stage [32mfrom-build-pack[0m and container [32mstep-build-container-build[0m
ERROR: logging before flag.Parse: E0529 08:02:58.359015      12 metadata.go:241] Failed to unmarshal scopes: json: cannot unmarshal string into Go value of type []string
ERROR: logging before flag.Parse: E0529 08:02:58.369782      12 metadata.go:142] while reading 'google-dockercfg' metadata: http status code: 404 while fetching url http://metadata.google.internal./computeMetadata/v1/instance/attributes/google-dockercfg
ERROR: logging before flag.Parse: E0529 08:02:58.372663      12 metadata.go:159] while reading 'google-dockercfg-url' metadata: http status code: 404 while fetching url http://metadata.google.internal./computeMetadata/v1/instance/attributes/google-dockercfg-url
[36mINFO[0m[0030] Resolved base name scratch to scratch        
[36mINFO[0m[0030] Using dockerignore file: /workspace/source/.dockerignore 
[36mINFO[0m[0030] Resolved base name scratch to scratch        
[36mINFO[0m[0030] Built cross stage deps: map[]                
[36mINFO[0m[0030] No base image, nothing to extract            
[36mINFO[0m[0030] cmd: EXPOSE                                  
[36mINFO[0m[0030] Adding exposed port: 8080/tcp                
[36mINFO[0m[0030] Checking for cached layer 10.51.247.129/jenkins-x-labs-bdd/cache:89ee939f34d82990dd6b9673c7303068d0fe3d1888c22c5b346c1862b6fd809e... 
[36mINFO[0m[0184] No cached layer found for cmd COPY ./bin/ /  
[36mINFO[0m[0184] Unpacking rootfs as cmd COPY ./bin/ / requires it. 
[36mINFO[0m[0184] Taking snapshot of full filesystem...        
[36mINFO[0m[0184] Resolving paths                              
[36mINFO[0m[0184] EXPOSE 8080                                  
[36mINFO[0m[0184] cmd: EXPOSE                                  
[36mINFO[0m[0184] Adding exposed port: 8080/tcp                
[36mINFO[0m[0184] No files changed in this command, skipping snapshotting. 
[36mINFO[0m[0184] ENTRYPOINT ["/bdd-gh-1590734577"]            
[36mINFO[0m[0184] No files changed in this command, skipping snapshotting. 
[36mINFO[0m[0184] COPY ./bin/ /                                
[36mINFO[0m[0184] Resolving paths                              
[36mINFO[0m[0184] Taking snapshot of files...                  
[36mINFO[0m[0184] Pushing layer 10.51.247.129/jenkins-x-labs-bdd/cache:89ee939f34d82990dd6b9673c7303068d0fe3d1888c22c5b346c1862b6fd809e to cache now 
ERROR: logging before flag.Parse: E0529 08:06:02.836235      12 metadata.go:142] while reading 'google-dockercfg' metadata: http status code: 404 while fetching url http://metadata.google.internal./computeMetadata/v1/instance/attributes/google-dockercfg
ERROR: logging before flag.Parse: E0529 08:06:02.838893      12 metadata.go:159] while reading 'google-dockercfg-url' metadata: http status code: 404 while fetching url http://metadata.google.internal./computeMetadata/v1/instance/attributes/google-dockercfg-url
ERROR: logging before flag.Parse: E0529 08:08:37.369548      12 metadata.go:142] while reading 'google-dockercfg' metadata: http status code: 404 while fetching url http://metadata.google.internal./computeMetadata/v1/instance/attributes/google-dockercfg
ERROR: logging before flag.Parse: E0529 08:08:37.372013      12 metadata.go:159] while reading 'google-dockercfg-url' metadata: http status code: 404 while fetching url http://metadata.google.internal./computeMetadata/v1/instance/attributes/google-dockercfg-url

Showing logs for build [32mcb-kubecd-bdd-gh-1590734577-mas-qqxdw-3[0m stage [32mfrom-build-pack[0m and container [32mstep-promote-changelog[0m
Converted /workspace/source/charts/bdd-gh-1590734577 to an unshallow repository
Generating change log from git ref 93b8ad7a51c3453abc7036154a05dd0b483fa3a6 => 84b05aa0663a85debf1782632ad14098d6cf1273
Associating user x-0 in users.jenkins.io with email james.strachan@gmail.com to git GitProvider user with login -0 as emails match
Adding label jenkins.io/git-github-userid=-0 to user x-0 in users.jenkins.io
WARNING: Failed to enrich commit d0c5b29426b4990ff278ab56ff83a76377fc11a6 with issues: User.jenkins.io "x-0" is invalid: metadata.labels: Invalid value: "-0": a valid label must be an empty string or consist of alphanumeric characters, '-', '_' or '.', and must start and end with an alphanumeric character (e.g. 'MyValue',  or 'my_value',  or '12345', regex used for validation is '(([A-Za-z0-9][-A-Za-z0-9_.]*)?[A-Za-z0-9])?')
Finding issues in commit messages using git format
WARNING: No release found for cb-kubecd/bdd-gh-1590734577 and tag v0.0.3 so creating a new release
Updated the release information at https://github.com/cb-kubecd/bdd-gh-1590734577/releases/tag/v0.0.3
generated: /workspace/source/charts/bdd-gh-1590734577/templates/release.yaml
Created Release bdd-gh-1590734577-0-0-3 resource in namespace **
Updating PipelineActivity cb-kubecd-bdd-gh-1590734577-master-3 with version 0.0.3
Updated PipelineActivities cb-kubecd-bdd-gh-1590734577-master-3 with release notes URL: https://github.com/cb-kubecd/bdd-gh-1590734577/releases/tag/v0.0.3

Showing logs for build [32mcb-kubecd-bdd-gh-1590734577-mas-qqxdw-3[0m stage [32mfrom-build-pack[0m and container [32mstep-promote-helm-release[0m
WARNING: No $CHART_REPOSITORY defined so using the default value of: http://jenkins-x-chartmuseum:8080
Adding missing Helm repo: storage.googleapis.com https://storage.googleapis.com/chartmuseum.jenkins-x.io
Successfully added Helm repository storage.googleapis.com.
Adding missing Helm repo: jenkins-x-chartmuseum http://jenkins-x-chartmuseum:8080
Successfully added Helm repository jenkins-x-chartmuseum.
WARNING: No $CHART_REPOSITORY defined so using the default value of: http://jenkins-x-chartmuseum:8080
Uploading chart file bdd-gh-1590734577-0.0.3.tgz to http://jenkins-x-chartmuseum:8080/api/charts
Received 201 response: {"saved":true}

Showing logs for build [32mcb-kubecd-bdd-gh-1590734577-mas-qqxdw-3[0m stage [32mfrom-build-pack[0m and container [32mstep-promote-jx-promote[0m
WARNING: prow based install so skip waiting for the merge of Pull Requests to go green as currently there is an issue with gettingstatuses from the PR, see https://github.com/jenkins-x/**/issues/2410
WARNING: No $CHART_REPOSITORY defined so using the default value of: http://jenkins-x-chartmuseum:8080
Promoting app bdd-gh-1590734577 version 0.0.3 to namespace **-staging
WARNING: could not find upstream git URL failed to unmarshal  due to no GitConfDir defined
pushed merged branch promote-bdd-gh-1590734577-0.0.3
Created Pull Request: https://github.com/cb-kubecd/environment-pr-375-3-bdd-kube-staging/pull/1
Added label updatebot to Pull Request https://github.com/cb-kubecd/environment-pr-375-3-bdd-kube-staging/pull/1
got git provider status pending from PR https://github.com/cb-kubecd/environment-pr-375-3-bdd-kube-staging/pull/1
got git provider status pending from PR https://github.com/cb-kubecd/environment-pr-375-3-bdd-kube-staging/pull/1
Pull Request https://github.com/cb-kubecd/environment-pr-375-3-bdd-kube-staging/pull/1 is merged at sha f4b91ab3e969bf3f125db189a1f359567a7c60ea
Pull Request merged but we are not waiting for the update pipeline to complete!
WARNING: Could not find the service URL in namespace **-staging for names bdd-gh-1590734577, **-bdd-gh-1590734577, **-staging-bdd-gh-1590734577
